TN:
SF:D:\github\github-actions-and-sonarcloud\src\ext\array\alias-linq.ts
FN:62,(anonymous_0)
FN:67,(anonymous_1)
FN:72,(anonymous_2)
FN:78,(anonymous_3)
FN:83,(anonymous_4)
FNF:5
FNH:5
FNDA:2,(anonymous_0)
FNDA:2,(anonymous_1)
FNDA:3,(anonymous_2)
FNDA:1,(anonymous_3)
FNDA:1,(anonymous_4)
DA:62,1
DA:63,2
DA:64,2
DA:67,1
DA:68,2
DA:69,2
DA:72,1
DA:73,3
DA:74,3
DA:75,2
DA:78,1
DA:79,1
DA:80,1
DA:83,1
DA:84,1
DA:85,1
LF:16
LH:16
BRDA:74,0,0,1
BRDA:74,0,1,2
BRF:2
BRH:2
end_of_record
TN:
SF:D:\github\github-actions-and-sonarcloud\src\ext\boolean\toggle.ts
FN:14,(anonymous_0)
FNF:1
FNH:1
FNDA:2,(anonymous_0)
DA:14,1
DA:15,2
LF:2
LH:2
BRF:0
BRH:0
end_of_record
TN:
SF:D:\github\github-actions-and-sonarcloud\src\ext\map\to-array.ts
FN:14,(anonymous_0)
FN:18,(anonymous_1)
FNF:2
FNH:2
FNDA:1,(anonymous_0)
FNDA:2,(anonymous_1)
DA:14,1
DA:15,1
DA:17,1
DA:18,1
DA:19,2
DA:22,1
LF:6
LH:6
BRF:0
BRH:0
end_of_record
